
(automation/stories/NewCategory_from_Items_panel.story)
Meta:
@entity 

Scenario: Navigate to Items panel
Given login as a admin
Then the body of app is loaded
When I select Catalog tab of header navigation
Then assert that header tab Catalog is active
Then I assert that secondary tabs are displayed
When I navigate to Items tab
Then items tab is opened
And New Category button is displayed

Scenario: New category creating, saving and publishing
When select New Category button
And input in category name field Automation_Test
And input in category email field Test@gmail.com
And add image to new category
Then assert that image is loaded
When I click on Save button (FAILED)
(org.openqa.selenium.TimeoutException: Timed out after 30 seconds waiting for visibility of element located by By.xpath: .//*[@class='top']//button[3]
Build info: version: '2.53.1', revision: 'a36b8b1cd5757287168e54b817830adce9b0158d', time: '2016-06-30 19:26:09'
System info: host: 'IVANOVA-YA', ip: '9.49.143.65', os.name: 'Windows 7', os.arch: 'amd64', os.version: '6.1', java.version: '1.8.0_102'
Driver info: org.openqa.selenium.chrome.ChromeDriver
Capabilities [{applicationCacheEnabled=false, rotatable=false, mobileEmulationEnabled=false, networkConnectionEnabled=false, chrome={chromedriverVersion=2.27.440174 (e97a722caafc2d3a8b807ee115bfb307f7d2cfd9), userDataDir=C:\Users\IVANOV~1\AppData\Local\Temp\scoped_dir9432_13405}, takesHeapSnapshot=true, pageLoadStrategy=normal, databaseEnabled=false, handlesAlerts=true, hasTouchScreen=false, version=56.0.2924.87, platform=XP, browserConnectionEnabled=false, nativeEvents=true, acceptSslCerts=true, locationContextEnabled=true, webStorageEnabled=true, browserName=chrome, takesScreenshot=true, javascriptEnabled=true, cssSelectorsEnabled=true, unexpectedAlertBehaviour=}]
Session ID: 39b84a47746f83e8f2d60f40bf1f9883)
Then created category Automation_Test is displayed in left menu (NOT PERFORMED)
When I click on Publish button (NOT PERFORMED)
Then buttom Publish is not displayed (NOT PERFORMED)

Scenario: Cleanup steps
When I click on Delete button (FAILED)
(org.openqa.selenium.NoSuchElementException: no such element: Unable to locate element: {"method":"xpath","selector":".//button[contains(text(), 'Delete')]"}
  (Session info: chrome=56.0.2924.87)
  (Driver info: chromedriver=2.27.440174 (e97a722caafc2d3a8b807ee115bfb307f7d2cfd9),platform=Windows NT 6.1.7601 SP1 x86_64) (WARNING: The server did not provide any stacktrace information)
Command duration or timeout: 26 milliseconds
For documentation on this error, please visit: http://seleniumhq.org/exceptions/no_such_element.html
Build info: version: '2.53.1', revision: 'a36b8b1cd5757287168e54b817830adce9b0158d', time: '2016-06-30 19:26:09'
System info: host: 'IVANOVA-YA', ip: '9.49.143.65', os.name: 'Windows 7', os.arch: 'amd64', os.version: '6.1', java.version: '1.8.0_102'
Driver info: org.openqa.selenium.chrome.ChromeDriver
Capabilities [{applicationCacheEnabled=false, rotatable=false, mobileEmulationEnabled=false, networkConnectionEnabled=false, chrome={chromedriverVersion=2.27.440174 (e97a722caafc2d3a8b807ee115bfb307f7d2cfd9), userDataDir=C:\Users\IVANOV~1\AppData\Local\Temp\scoped_dir9432_13405}, takesHeapSnapshot=true, pageLoadStrategy=normal, databaseEnabled=false, handlesAlerts=true, hasTouchScreen=false, version=56.0.2924.87, platform=XP, browserConnectionEnabled=false, nativeEvents=true, acceptSslCerts=true, locationContextEnabled=true, webStorageEnabled=true, browserName=chrome, takesScreenshot=true, javascriptEnabled=true, cssSelectorsEnabled=true, unexpectedAlertBehaviour=}]
Session ID: 39b84a47746f83e8f2d60f40bf1f9883
*** Element info: {Using=xpath, value=.//button[contains(text(), 'Delete')]})
Then created category Automation_Test is not displayed in left menu (NOT PERFORMED)


